<?xml version="1.0" encoding="UTF-8"?>
<!-- Generated by org.testng.reporters.JUnitXMLReporter -->
<testsuite hostname="IN5CG4525JV9" ignored="0" name="Default test" tests="2" failures="0" timestamp="02 Jul 2019 10:26:53 GMT" time="31.493" errors="0">
  <testcase name="Configuration" time="0.036" classname="ara.seleniumassingment.seleniumassisgnment.arafat"/>
  <testcase name="startApp" time="27.19" classname="ara.seleniumassingment.seleniumassisgnment.arafat"/>
</testsuite> <!-- Default test -->
