<?xml version="1.0" encoding="UTF-8"?>
<testng-results skipped="0" failed="0" ignored="0" total="2" passed="2">
  <reporter-output>
  </reporter-output>
  <suite name="Default suite" duration-ms="31493" started-at="2019-07-02T10:26:21Z" finished-at="2019-07-02T10:26:53Z">
    <groups>
    </groups>
    <test name="Default test" duration-ms="31493" started-at="2019-07-02T10:26:21Z" finished-at="2019-07-02T10:26:53Z">
      <class name="ara.seleniumassingment.seleniumassisgnment.arafat">
        <test-method status="PASS" signature="startBrowser()[pri:0, instance:ara.seleniumassingment.seleniumassisgnment.arafat@47c62251]" name="startBrowser" is-config="true" duration-ms="4205" started-at="2019-07-02T10:26:21Z" finished-at="2019-07-02T10:26:26Z">
          <reporter-output>
          </reporter-output>
        </test-method> <!-- startBrowser -->
        <test-method status="PASS" signature="Configuration()[pri:0, instance:ara.seleniumassingment.seleniumassisgnment.arafat@47c62251]" name="Configuration" duration-ms="36" started-at="2019-07-02T10:26:26Z" finished-at="2019-07-02T10:26:26Z">
          <reporter-output>
          </reporter-output>
        </test-method> <!-- Configuration -->
        <test-method status="PASS" signature="startApp()[pri:1, instance:ara.seleniumassingment.seleniumassisgnment.arafat@47c62251]" name="startApp" duration-ms="27190" started-at="2019-07-02T10:26:26Z" finished-at="2019-07-02T10:26:53Z">
          <reporter-output>
          </reporter-output>
        </test-method> <!-- startApp -->
        <test-method status="PASS" signature="teardown()[pri:0, instance:ara.seleniumassingment.seleniumassisgnment.arafat@47c62251]" name="teardown" is-config="true" duration-ms="1" started-at="2019-07-02T10:26:53Z" finished-at="2019-07-02T10:26:53Z">
          <reporter-output>
          </reporter-output>
        </test-method> <!-- teardown -->
      </class> <!-- ara.seleniumassingment.seleniumassisgnment.arafat -->
    </test> <!-- Default test -->
  </suite> <!-- Default suite -->
</testng-results>
