<?xml version="1.0" encoding="UTF-8"?>
<testng-results skipped="0" failed="1" ignored="0" total="1" passed="0">
  <reporter-output>
  </reporter-output>
  <suite name="Default suite" duration-ms="74666" started-at="2019-06-12T11:51:39Z" finished-at="2019-06-12T11:52:54Z">
    <groups>
    </groups>
    <test name="Default test" duration-ms="74666" started-at="2019-06-12T11:51:39Z" finished-at="2019-06-12T11:52:54Z">
      <class name="ara.seleniumassingment.seleniumassisgnment.arafat">
        <test-method status="PASS" signature="startBrowser()[pri:0, instance:ara.seleniumassingment.seleniumassisgnment.arafat@3bfdc050]" name="startBrowser" is-config="true" duration-ms="6102" started-at="2019-06-12T11:51:39Z" finished-at="2019-06-12T11:51:45Z">
          <reporter-output>
          </reporter-output>
        </test-method> <!-- startBrowser -->
        <test-method status="FAIL" signature="startApp()[pri:0, instance:ara.seleniumassingment.seleniumassisgnment.arafat@3bfdc050]" name="startApp" duration-ms="66775" started-at="2019-06-12T11:51:45Z" finished-at="2019-06-12T11:52:52Z">
          <exception class="java.lang.ClassCastException">
            <message>
              <![CDATA[java.util.ArrayList cannot be cast to org.openqa.selenium.WebElement]]>
            </message>
            <full-stacktrace>
              <![CDATA[java.lang.ClassCastException: java.util.ArrayList cannot be cast to org.openqa.selenium.WebElement
at ara.seleniumassingment.seleniumassisgnment.arafat.startApp(arafat.java:41)
at sun.reflect.NativeMethodAccessorImpl.invoke0(Native Method)
at sun.reflect.NativeMethodAccessorImpl.invoke(NativeMethodAccessorImpl.java:62)
at sun.reflect.DelegatingMethodAccessorImpl.invoke(DelegatingMethodAccessorImpl.java:43)
at java.lang.reflect.Method.invoke(Method.java:498)
at org.testng.internal.MethodInvocationHelper.invokeMethod(MethodInvocationHelper.java:124)
at org.testng.internal.Invoker.invokeMethod(Invoker.java:583)
at org.testng.internal.Invoker.invokeTestMethod(Invoker.java:719)
at org.testng.internal.Invoker.invokeTestMethods(Invoker.java:989)
at org.testng.internal.TestMethodWorker.invokeTestMethods(TestMethodWorker.java:125)
at org.testng.internal.TestMethodWorker.run(TestMethodWorker.java:109)
at org.testng.TestRunner.privateRun(TestRunner.java:648)
at org.testng.TestRunner.run(TestRunner.java:505)
at org.testng.SuiteRunner.runTest(SuiteRunner.java:455)
at org.testng.SuiteRunner.runSequentially(SuiteRunner.java:450)
at org.testng.SuiteRunner.privateRun(SuiteRunner.java:415)
at org.testng.SuiteRunner.run(SuiteRunner.java:364)
at org.testng.SuiteRunnerWorker.runSuite(SuiteRunnerWorker.java:52)
at org.testng.SuiteRunnerWorker.run(SuiteRunnerWorker.java:84)
at org.testng.TestNG.runSuitesSequentially(TestNG.java:1208)
at org.testng.TestNG.runSuitesLocally(TestNG.java:1137)
at org.testng.TestNG.runSuites(TestNG.java:1049)
at org.testng.TestNG.run(TestNG.java:1017)
at org.testng.remote.AbstractRemoteTestNG.run(AbstractRemoteTestNG.java:114)
at org.testng.remote.RemoteTestNG.initAndRun(RemoteTestNG.java:251)
at org.testng.remote.RemoteTestNG.main(RemoteTestNG.java:77)
]]>
            </full-stacktrace>
          </exception> <!-- java.lang.ClassCastException -->
          <reporter-output>
          </reporter-output>
        </test-method> <!-- startApp -->
        <test-method status="PASS" signature="teardown()[pri:0, instance:ara.seleniumassingment.seleniumassisgnment.arafat@3bfdc050]" name="teardown" is-config="true" duration-ms="1701" started-at="2019-06-12T11:52:52Z" finished-at="2019-06-12T11:52:54Z">
          <reporter-output>
          </reporter-output>
        </test-method> <!-- teardown -->
      </class> <!-- ara.seleniumassingment.seleniumassisgnment.arafat -->
    </test> <!-- Default test -->
  </suite> <!-- Default suite -->
</testng-results>
